[17-Dec-2018 09:50:09 UTC] PHP Parse error:  syntax error, unexpected '=>' (T_DOUBLE_ARROW) in /home/ubuntu/workspace/qtrust/app/Http/routes.php on line 84
[17-Dec-2018 09:50:09 UTC] PHP Stack trace:
[17-Dec-2018 09:50:09 UTC] PHP   1. {main}() /home/ubuntu/workspace/qtrust/public/index.php:0
[17-Dec-2018 09:50:09 UTC] PHP   2. Illuminate\Foundation\Http\Kernel->handle() /home/ubuntu/workspace/qtrust/public/index.php:54
[17-Dec-2018 09:50:09 UTC] PHP   3. Illuminate\Foundation\Http\Kernel->sendRequestThroughRouter() /home/ubuntu/workspace/qtrust/vendor/laravel/framework/src/Illuminate/Foundation/Http/Kernel.php:99
[17-Dec-2018 09:50:09 UTC] PHP   4. Illuminate\Foundation\Http\Kernel->bootstrap() /home/ubuntu/workspace/qtrust/vendor/laravel/framework/src/Illuminate/Foundation/Http/Kernel.php:127
[17-Dec-2018 09:50:09 UTC] PHP   5. Illuminate\Foundation\Application->bootstrapWith() /home/ubuntu/workspace/qtrust/vendor/laravel/framework/src/Illuminate/Foundation/Http/Kernel.php:232
[17-Dec-2018 09:50:09 UTC] PHP   6. Illuminate\Foundation\Bootstrap\BootProviders->bootstrap() /home/ubuntu/workspace/qtrust/vendor/laravel/framework/src/Illuminate/Foundation/Application.php:203
[17-Dec-2018 09:50:09 UTC] PHP   7. Illuminate\Foundation\Application->boot() /home/ubuntu/workspace/qtrust/vendor/laravel/framework/src/Illuminate/Foundation/Bootstrap/BootProviders.php:17
[17-Dec-2018 09:50:09 UTC] PHP   8. array_walk() /home/ubuntu/workspace/qtrust/vendor/laravel/framework/src/Illuminate/Foundation/Application.php:741
[17-Dec-2018 09:50:09 UTC] PHP   9. Illuminate\Foundation\Application->Illuminate\Foundation\{closure}() /home/ubuntu/workspace/qtrust/vendor/laravel/framework/src/Illuminate/Foundation/Application.php:741
[17-Dec-2018 09:50:09 UTC] PHP  10. Illuminate\Foundation\Application->bootProvider() /home/ubuntu/workspace/qtrust/vendor/laravel/framework/src/Illuminate/Foundation/Application.php:740
[17-Dec-2018 09:50:09 UTC] PHP  11. Illuminate\Container\Container->call() /home/ubuntu/workspace/qtrust/vendor/laravel/framework/src/Illuminate/Foundation/Application.php:757
[17-Dec-2018 09:50:09 UTC] PHP  12. call_user_func_array:{/home/ubuntu/workspace/qtrust/vendor/laravel/framework/src/Illuminate/Container/Container.php:507}() /home/ubuntu/workspace/qtrust/vendor/laravel/framework/src/Illuminate/Container/Container.php:507
[17-Dec-2018 09:50:09 UTC] PHP  13. App\Providers\RouteServiceProvider->boot() /home/ubuntu/workspace/qtrust/vendor/laravel/framework/src/Illuminate/Container/Container.php:507
[17-Dec-2018 09:50:09 UTC] PHP  14. Illuminate\Foundation\Support\Providers\RouteServiceProvider->boot() /home/ubuntu/workspace/qtrust/app/Providers/RouteServiceProvider.php:29
[17-Dec-2018 09:50:09 UTC] PHP  15. Illuminate\Foundation\Support\Providers\RouteServiceProvider->loadRoutes() /home/ubuntu/workspace/qtrust/vendor/laravel/framework/src/Illuminate/Foundation/Support/Providers/RouteServiceProvider.php:31
[17-Dec-2018 09:50:09 UTC] PHP  16. Illuminate\Container\Container->call() /home/ubuntu/workspace/qtrust/vendor/laravel/framework/src/Illuminate/Foundation/Support/Providers/RouteServiceProvider.php:72
[17-Dec-2018 09:50:09 UTC] PHP  17. call_user_func_array:{/home/ubuntu/workspace/qtrust/vendor/laravel/framework/src/Illuminate/Container/Container.php:507}() /home/ubuntu/workspace/qtrust/vendor/laravel/framework/src/Illuminate/Container/Container.php:507
[17-Dec-2018 09:50:09 UTC] PHP  18. App\Providers\RouteServiceProvider->map() /home/ubuntu/workspace/qtrust/vendor/laravel/framework/src/Illuminate/Container/Container.php:507
[17-Dec-2018 09:50:09 UTC] PHP  19. App\Providers\RouteServiceProvider->mapWebRoutes() /home/ubuntu/workspace/qtrust/app/Providers/RouteServiceProvider.php:40
[17-Dec-2018 09:50:09 UTC] PHP  20. Illuminate\Routing\Router->group() /home/ubuntu/workspace/qtrust/app/Providers/RouteServiceProvider.php:59
[17-Dec-2018 09:50:09 UTC] PHP  21. call_user_func:{/home/ubuntu/workspace/qtrust/vendor/laravel/framework/src/Illuminate/Routing/Router.php:398}() /home/ubuntu/workspace/qtrust/vendor/laravel/framework/src/Illuminate/Routing/Router.php:398
[17-Dec-2018 09:50:09 UTC] PHP  22. App\Providers\RouteServiceProvider->App\Providers\{closure}() /home/ubuntu/workspace/qtrust/vendor/laravel/framework/src/Illuminate/Routing/Router.php:398
[17-Dec-2018 09:50:45 UTC] PHP Parse error:  syntax error, unexpected '=>' (T_DOUBLE_ARROW) in /home/ubuntu/workspace/qtrust/app/Http/routes.php on line 84
[17-Dec-2018 09:50:45 UTC] PHP Stack trace:
[17-Dec-2018 09:50:45 UTC] PHP   1. {main}() /home/ubuntu/workspace/qtrust/public/index.php:0
[17-Dec-2018 09:50:45 UTC] PHP   2. Illuminate\Foundation\Http\Kernel->handle() /home/ubuntu/workspace/qtrust/public/index.php:54
[17-Dec-2018 09:50:45 UTC] PHP   3. Illuminate\Foundation\Http\Kernel->sendRequestThroughRouter() /home/ubuntu/workspace/qtrust/vendor/laravel/framework/src/Illuminate/Foundation/Http/Kernel.php:99
[17-Dec-2018 09:50:45 UTC] PHP   4. Illuminate\Foundation\Http\Kernel->bootstrap() /home/ubuntu/workspace/qtrust/vendor/laravel/framework/src/Illuminate/Foundation/Http/Kernel.php:127
[17-Dec-2018 09:50:45 UTC] PHP   5. Illuminate\Foundation\Application->bootstrapWith() /home/ubuntu/workspace/qtrust/vendor/laravel/framework/src/Illuminate/Foundation/Http/Kernel.php:232
[17-Dec-2018 09:50:45 UTC] PHP   6. Illuminate\Foundation\Bootstrap\BootProviders->bootstrap() /home/ubuntu/workspace/qtrust/vendor/laravel/framework/src/Illuminate/Foundation/Application.php:203
[17-Dec-2018 09:50:45 UTC] PHP   7. Illuminate\Foundation\Application->boot() /home/ubuntu/workspace/qtrust/vendor/laravel/framework/src/Illuminate/Foundation/Bootstrap/BootProviders.php:17
[17-Dec-2018 09:50:45 UTC] PHP   8. array_walk() /home/ubuntu/workspace/qtrust/vendor/laravel/framework/src/Illuminate/Foundation/Application.php:741
[17-Dec-2018 09:50:45 UTC] PHP   9. Illuminate\Foundation\Application->Illuminate\Foundation\{closure}() /home/ubuntu/workspace/qtrust/vendor/laravel/framework/src/Illuminate/Foundation/Application.php:741
[17-Dec-2018 09:50:45 UTC] PHP  10. Illuminate\Foundation\Application->bootProvider() /home/ubuntu/workspace/qtrust/vendor/laravel/framework/src/Illuminate/Foundation/Application.php:740
[17-Dec-2018 09:50:45 UTC] PHP  11. Illuminate\Container\Container->call() /home/ubuntu/workspace/qtrust/vendor/laravel/framework/src/Illuminate/Foundation/Application.php:757
[17-Dec-2018 09:50:45 UTC] PHP  12. call_user_func_array:{/home/ubuntu/workspace/qtrust/vendor/laravel/framework/src/Illuminate/Container/Container.php:507}() /home/ubuntu/workspace/qtrust/vendor/laravel/framework/src/Illuminate/Container/Container.php:507
[17-Dec-2018 09:50:45 UTC] PHP  13. App\Providers\RouteServiceProvider->boot() /home/ubuntu/workspace/qtrust/vendor/laravel/framework/src/Illuminate/Container/Container.php:507
[17-Dec-2018 09:50:45 UTC] PHP  14. Illuminate\Foundation\Support\Providers\RouteServiceProvider->boot() /home/ubuntu/workspace/qtrust/app/Providers/RouteServiceProvider.php:29
[17-Dec-2018 09:50:45 UTC] PHP  15. Illuminate\Foundation\Support\Providers\RouteServiceProvider->loadRoutes() /home/ubuntu/workspace/qtrust/vendor/laravel/framework/src/Illuminate/Foundation/Support/Providers/RouteServiceProvider.php:31
[17-Dec-2018 09:50:45 UTC] PHP  16. Illuminate\Container\Container->call() /home/ubuntu/workspace/qtrust/vendor/laravel/framework/src/Illuminate/Foundation/Support/Providers/RouteServiceProvider.php:72
[17-Dec-2018 09:50:45 UTC] PHP  17. call_user_func_array:{/home/ubuntu/workspace/qtrust/vendor/laravel/framework/src/Illuminate/Container/Container.php:507}() /home/ubuntu/workspace/qtrust/vendor/laravel/framework/src/Illuminate/Container/Container.php:507
[17-Dec-2018 09:50:45 UTC] PHP  18. App\Providers\RouteServiceProvider->map() /home/ubuntu/workspace/qtrust/vendor/laravel/framework/src/Illuminate/Container/Container.php:507
[17-Dec-2018 09:50:45 UTC] PHP  19. App\Providers\RouteServiceProvider->mapWebRoutes() /home/ubuntu/workspace/qtrust/app/Providers/RouteServiceProvider.php:40
[17-Dec-2018 09:50:45 UTC] PHP  20. Illuminate\Routing\Router->group() /home/ubuntu/workspace/qtrust/app/Providers/RouteServiceProvider.php:59
[17-Dec-2018 09:50:45 UTC] PHP  21. call_user_func:{/home/ubuntu/workspace/qtrust/vendor/laravel/framework/src/Illuminate/Routing/Router.php:398}() /home/ubuntu/workspace/qtrust/vendor/laravel/framework/src/Illuminate/Routing/Router.php:398
[17-Dec-2018 09:50:45 UTC] PHP  22. App\Providers\RouteServiceProvider->App\Providers\{closure}() /home/ubuntu/workspace/qtrust/vendor/laravel/framework/src/Illuminate/Routing/Router.php:398
[17-Dec-2018 09:50:53 UTC] PHP Parse error:  syntax error, unexpected '=>' (T_DOUBLE_ARROW) in /home/ubuntu/workspace/qtrust/app/Http/routes.php on line 84
[17-Dec-2018 09:50:53 UTC] PHP Stack trace:
[17-Dec-2018 09:50:53 UTC] PHP   1. {main}() /home/ubuntu/workspace/qtrust/public/index.php:0
[17-Dec-2018 09:50:53 UTC] PHP   2. Illuminate\Foundation\Http\Kernel->handle() /home/ubuntu/workspace/qtrust/public/index.php:54
[17-Dec-2018 09:50:53 UTC] PHP   3. Illuminate\Foundation\Http\Kernel->sendRequestThroughRouter() /home/ubuntu/workspace/qtrust/vendor/laravel/framework/src/Illuminate/Foundation/Http/Kernel.php:99
[17-Dec-2018 09:50:53 UTC] PHP   4. Illuminate\Foundation\Http\Kernel->bootstrap() /home/ubuntu/workspace/qtrust/vendor/laravel/framework/src/Illuminate/Foundation/Http/Kernel.php:127
[17-Dec-2018 09:50:53 UTC] PHP   5. Illuminate\Foundation\Application->bootstrapWith() /home/ubuntu/workspace/qtrust/vendor/laravel/framework/src/Illuminate/Foundation/Http/Kernel.php:232
[17-Dec-2018 09:50:53 UTC] PHP   6. Illuminate\Foundation\Bootstrap\BootProviders->bootstrap() /home/ubuntu/workspace/qtrust/vendor/laravel/framework/src/Illuminate/Foundation/Application.php:203
[17-Dec-2018 09:50:53 UTC] PHP   7. Illuminate\Foundation\Application->boot() /home/ubuntu/workspace/qtrust/vendor/laravel/framework/src/Illuminate/Foundation/Bootstrap/BootProviders.php:17
[17-Dec-2018 09:50:53 UTC] PHP   8. array_walk() /home/ubuntu/workspace/qtrust/vendor/laravel/framework/src/Illuminate/Foundation/Application.php:741
[17-Dec-2018 09:50:53 UTC] PHP   9. Illuminate\Foundation\Application->Illuminate\Foundation\{closure}() /home/ubuntu/workspace/qtrust/vendor/laravel/framework/src/Illuminate/Foundation/Application.php:741
[17-Dec-2018 09:50:53 UTC] PHP  10. Illuminate\Foundation\Application->bootProvider() /home/ubuntu/workspace/qtrust/vendor/laravel/framework/src/Illuminate/Foundation/Application.php:740
[17-Dec-2018 09:50:53 UTC] PHP  11. Illuminate\Container\Container->call() /home/ubuntu/workspace/qtrust/vendor/laravel/framework/src/Illuminate/Foundation/Application.php:757
[17-Dec-2018 09:50:53 UTC] PHP  12. call_user_func_array:{/home/ubuntu/workspace/qtrust/vendor/laravel/framework/src/Illuminate/Container/Container.php:507}() /home/ubuntu/workspace/qtrust/vendor/laravel/framework/src/Illuminate/Container/Container.php:507
[17-Dec-2018 09:50:53 UTC] PHP  13. App\Providers\RouteServiceProvider->boot() /home/ubuntu/workspace/qtrust/vendor/laravel/framework/src/Illuminate/Container/Container.php:507
[17-Dec-2018 09:50:53 UTC] PHP  14. Illuminate\Foundation\Support\Providers\RouteServiceProvider->boot() /home/ubuntu/workspace/qtrust/app/Providers/RouteServiceProvider.php:29
[17-Dec-2018 09:50:53 UTC] PHP  15. Illuminate\Foundation\Support\Providers\RouteServiceProvider->loadRoutes() /home/ubuntu/workspace/qtrust/vendor/laravel/framework/src/Illuminate/Foundation/Support/Providers/RouteServiceProvider.php:31
[17-Dec-2018 09:50:53 UTC] PHP  16. Illuminate\Container\Container->call() /home/ubuntu/workspace/qtrust/vendor/laravel/framework/src/Illuminate/Foundation/Support/Providers/RouteServiceProvider.php:72
[17-Dec-2018 09:50:53 UTC] PHP  17. call_user_func_array:{/home/ubuntu/workspace/qtrust/vendor/laravel/framework/src/Illuminate/Container/Container.php:507}() /home/ubuntu/workspace/qtrust/vendor/laravel/framework/src/Illuminate/Container/Container.php:507
[17-Dec-2018 09:50:53 UTC] PHP  18. App\Providers\RouteServiceProvider->map() /home/ubuntu/workspace/qtrust/vendor/laravel/framework/src/Illuminate/Container/Container.php:507
[17-Dec-2018 09:50:53 UTC] PHP  19. App\Providers\RouteServiceProvider->mapWebRoutes() /home/ubuntu/workspace/qtrust/app/Providers/RouteServiceProvider.php:40
[17-Dec-2018 09:50:53 UTC] PHP  20. Illuminate\Routing\Router->group() /home/ubuntu/workspace/qtrust/app/Providers/RouteServiceProvider.php:59
[17-Dec-2018 09:50:53 UTC] PHP  21. call_user_func:{/home/ubuntu/workspace/qtrust/vendor/laravel/framework/src/Illuminate/Routing/Router.php:398}() /home/ubuntu/workspace/qtrust/vendor/laravel/framework/src/Illuminate/Routing/Router.php:398
[17-Dec-2018 09:50:53 UTC] PHP  22. App\Providers\RouteServiceProvider->App\Providers\{closure}() /home/ubuntu/workspace/qtrust/vendor/laravel/framework/src/Illuminate/Routing/Router.php:398
[17-Dec-2018 09:52:01 UTC] PHP Parse error:  syntax error, unexpected '=>' (T_DOUBLE_ARROW) in /home/ubuntu/workspace/qtrust/app/Http/routes.php on line 84
[17-Dec-2018 09:52:01 UTC] PHP Stack trace:
[17-Dec-2018 09:52:01 UTC] PHP   1. {main}() /home/ubuntu/workspace/qtrust/public/index.php:0
[17-Dec-2018 09:52:01 UTC] PHP   2. Illuminate\Foundation\Http\Kernel->handle() /home/ubuntu/workspace/qtrust/public/index.php:54
[17-Dec-2018 09:52:01 UTC] PHP   3. Illuminate\Foundation\Http\Kernel->sendRequestThroughRouter() /home/ubuntu/workspace/qtrust/vendor/laravel/framework/src/Illuminate/Foundation/Http/Kernel.php:99
[17-Dec-2018 09:52:01 UTC] PHP   4. Illuminate\Foundation\Http\Kernel->bootstrap() /home/ubuntu/workspace/qtrust/vendor/laravel/framework/src/Illuminate/Foundation/Http/Kernel.php:127
[17-Dec-2018 09:52:01 UTC] PHP   5. Illuminate\Foundation\Application->bootstrapWith() /home/ubuntu/workspace/qtrust/vendor/laravel/framework/src/Illuminate/Foundation/Http/Kernel.php:232
[17-Dec-2018 09:52:01 UTC] PHP   6. Illuminate\Foundation\Bootstrap\BootProviders->bootstrap() /home/ubuntu/workspace/qtrust/vendor/laravel/framework/src/Illuminate/Foundation/Application.php:203
[17-Dec-2018 09:52:01 UTC] PHP   7. Illuminate\Foundation\Application->boot() /home/ubuntu/workspace/qtrust/vendor/laravel/framework/src/Illuminate/Foundation/Bootstrap/BootProviders.php:17
[17-Dec-2018 09:52:01 UTC] PHP   8. array_walk() /home/ubuntu/workspace/qtrust/vendor/laravel/framework/src/Illuminate/Foundation/Application.php:741
[17-Dec-2018 09:52:01 UTC] PHP   9. Illuminate\Foundation\Application->Illuminate\Foundation\{closure}() /home/ubuntu/workspace/qtrust/vendor/laravel/framework/src/Illuminate/Foundation/Application.php:741
[17-Dec-2018 09:52:01 UTC] PHP  10. Illuminate\Foundation\Application->bootProvider() /home/ubuntu/workspace/qtrust/vendor/laravel/framework/src/Illuminate/Foundation/Application.php:740
[17-Dec-2018 09:52:01 UTC] PHP  11. Illuminate\Container\Container->call() /home/ubuntu/workspace/qtrust/vendor/laravel/framework/src/Illuminate/Foundation/Application.php:757
[17-Dec-2018 09:52:01 UTC] PHP  12. call_user_func_array:{/home/ubuntu/workspace/qtrust/vendor/laravel/framework/src/Illuminate/Container/Container.php:507}() /home/ubuntu/workspace/qtrust/vendor/laravel/framework/src/Illuminate/Container/Container.php:507
[17-Dec-2018 09:52:01 UTC] PHP  13. App\Providers\RouteServiceProvider->boot() /home/ubuntu/workspace/qtrust/vendor/laravel/framework/src/Illuminate/Container/Container.php:507
[17-Dec-2018 09:52:01 UTC] PHP  14. Illuminate\Foundation\Support\Providers\RouteServiceProvider->boot() /home/ubuntu/workspace/qtrust/app/Providers/RouteServiceProvider.php:29
[17-Dec-2018 09:52:01 UTC] PHP  15. Illuminate\Foundation\Support\Providers\RouteServiceProvider->loadRoutes() /home/ubuntu/workspace/qtrust/vendor/laravel/framework/src/Illuminate/Foundation/Support/Providers/RouteServiceProvider.php:31
[17-Dec-2018 09:52:01 UTC] PHP  16. Illuminate\Container\Container->call() /home/ubuntu/workspace/qtrust/vendor/laravel/framework/src/Illuminate/Foundation/Support/Providers/RouteServiceProvider.php:72
[17-Dec-2018 09:52:01 UTC] PHP  17. call_user_func_array:{/home/ubuntu/workspace/qtrust/vendor/laravel/framework/src/Illuminate/Container/Container.php:507}() /home/ubuntu/workspace/qtrust/vendor/laravel/framework/src/Illuminate/Container/Container.php:507
[17-Dec-2018 09:52:01 UTC] PHP  18. App\Providers\RouteServiceProvider->map() /home/ubuntu/workspace/qtrust/vendor/laravel/framework/src/Illuminate/Container/Container.php:507
[17-Dec-2018 09:52:01 UTC] PHP  19. App\Providers\RouteServiceProvider->mapWebRoutes() /home/ubuntu/workspace/qtrust/app/Providers/RouteServiceProvider.php:40
[17-Dec-2018 09:52:01 UTC] PHP  20. Illuminate\Routing\Router->group() /home/ubuntu/workspace/qtrust/app/Providers/RouteServiceProvider.php:59
[17-Dec-2018 09:52:01 UTC] PHP  21. call_user_func:{/home/ubuntu/workspace/qtrust/vendor/laravel/framework/src/Illuminate/Routing/Router.php:398}() /home/ubuntu/workspace/qtrust/vendor/laravel/framework/src/Illuminate/Routing/Router.php:398
[17-Dec-2018 09:52:01 UTC] PHP  22. App\Providers\RouteServiceProvider->App\Providers\{closure}() /home/ubuntu/workspace/qtrust/vendor/laravel/framework/src/Illuminate/Routing/Router.php:398
[17-Dec-2018 09:52:54 UTC] PHP Parse error:  syntax error, unexpected '=>' (T_DOUBLE_ARROW) in /home/ubuntu/workspace/qtrust/app/Http/routes.php on line 84
[17-Dec-2018 09:52:54 UTC] PHP Stack trace:
[17-Dec-2018 09:52:54 UTC] PHP   1. {main}() /home/ubuntu/workspace/qtrust/public/index.php:0
[17-Dec-2018 09:52:54 UTC] PHP   2. Illuminate\Foundation\Http\Kernel->handle() /home/ubuntu/workspace/qtrust/public/index.php:54
[17-Dec-2018 09:52:54 UTC] PHP   3. Illuminate\Foundation\Http\Kernel->sendRequestThroughRouter() /home/ubuntu/workspace/qtrust/vendor/laravel/framework/src/Illuminate/Foundation/Http/Kernel.php:99
[17-Dec-2018 09:52:54 UTC] PHP   4. Illuminate\Foundation\Http\Kernel->bootstrap() /home/ubuntu/workspace/qtrust/vendor/laravel/framework/src/Illuminate/Foundation/Http/Kernel.php:127
[17-Dec-2018 09:52:54 UTC] PHP   5. Illuminate\Foundation\Application->bootstrapWith() /home/ubuntu/workspace/qtrust/vendor/laravel/framework/src/Illuminate/Foundation/Http/Kernel.php:232
[17-Dec-2018 09:52:54 UTC] PHP   6. Illuminate\Foundation\Bootstrap\BootProviders->bootstrap() /home/ubuntu/workspace/qtrust/vendor/laravel/framework/src/Illuminate/Foundation/Application.php:203
[17-Dec-2018 09:52:54 UTC] PHP   7. Illuminate\Foundation\Application->boot() /home/ubuntu/workspace/qtrust/vendor/laravel/framework/src/Illuminate/Foundation/Bootstrap/BootProviders.php:17
[17-Dec-2018 09:52:54 UTC] PHP   8. array_walk() /home/ubuntu/workspace/qtrust/vendor/laravel/framework/src/Illuminate/Foundation/Application.php:741
[17-Dec-2018 09:52:54 UTC] PHP   9. Illuminate\Foundation\Application->Illuminate\Foundation\{closure}() /home/ubuntu/workspace/qtrust/vendor/laravel/framework/src/Illuminate/Foundation/Application.php:741
[17-Dec-2018 09:52:54 UTC] PHP  10. Illuminate\Foundation\Application->bootProvider() /home/ubuntu/workspace/qtrust/vendor/laravel/framework/src/Illuminate/Foundation/Application.php:740
[17-Dec-2018 09:52:54 UTC] PHP  11. Illuminate\Container\Container->call() /home/ubuntu/workspace/qtrust/vendor/laravel/framework/src/Illuminate/Foundation/Application.php:757
[17-Dec-2018 09:52:54 UTC] PHP  12. call_user_func_array:{/home/ubuntu/workspace/qtrust/vendor/laravel/framework/src/Illuminate/Container/Container.php:507}() /home/ubuntu/workspace/qtrust/vendor/laravel/framework/src/Illuminate/Container/Container.php:507
[17-Dec-2018 09:52:54 UTC] PHP  13. App\Providers\RouteServiceProvider->boot() /home/ubuntu/workspace/qtrust/vendor/laravel/framework/src/Illuminate/Container/Container.php:507
[17-Dec-2018 09:52:54 UTC] PHP  14. Illuminate\Foundation\Support\Providers\RouteServiceProvider->boot() /home/ubuntu/workspace/qtrust/app/Providers/RouteServiceProvider.php:29
[17-Dec-2018 09:52:54 UTC] PHP  15. Illuminate\Foundation\Support\Providers\RouteServiceProvider->loadRoutes() /home/ubuntu/workspace/qtrust/vendor/laravel/framework/src/Illuminate/Foundation/Support/Providers/RouteServiceProvider.php:31
[17-Dec-2018 09:52:54 UTC] PHP  16. Illuminate\Container\Container->call() /home/ubuntu/workspace/qtrust/vendor/laravel/framework/src/Illuminate/Foundation/Support/Providers/RouteServiceProvider.php:72
[17-Dec-2018 09:52:54 UTC] PHP  17. call_user_func_array:{/home/ubuntu/workspace/qtrust/vendor/laravel/framework/src/Illuminate/Container/Container.php:507}() /home/ubuntu/workspace/qtrust/vendor/laravel/framework/src/Illuminate/Container/Container.php:507
[17-Dec-2018 09:52:54 UTC] PHP  18. App\Providers\RouteServiceProvider->map() /home/ubuntu/workspace/qtrust/vendor/laravel/framework/src/Illuminate/Container/Container.php:507
[17-Dec-2018 09:52:54 UTC] PHP  19. App\Providers\RouteServiceProvider->mapWebRoutes() /home/ubuntu/workspace/qtrust/app/Providers/RouteServiceProvider.php:40
[17-Dec-2018 09:52:54 UTC] PHP  20. Illuminate\Routing\Router->group() /home/ubuntu/workspace/qtrust/app/Providers/RouteServiceProvider.php:59
[17-Dec-2018 09:52:54 UTC] PHP  21. call_user_func:{/home/ubuntu/workspace/qtrust/vendor/laravel/framework/src/Illuminate/Routing/Router.php:398}() /home/ubuntu/workspace/qtrust/vendor/laravel/framework/src/Illuminate/Routing/Router.php:398
[17-Dec-2018 09:52:54 UTC] PHP  22. App\Providers\RouteServiceProvider->App\Providers\{closure}() /home/ubuntu/workspace/qtrust/vendor/laravel/framework/src/Illuminate/Routing/Router.php:398
[17-Dec-2018 09:53:06 UTC] PHP Parse error:  syntax error, unexpected '=>' (T_DOUBLE_ARROW) in /home/ubuntu/workspace/qtrust/app/Http/routes.php on line 84
[17-Dec-2018 09:53:06 UTC] PHP Stack trace:
[17-Dec-2018 09:53:06 UTC] PHP   1. {main}() /home/ubuntu/workspace/qtrust/public/index.php:0
[17-Dec-2018 09:53:06 UTC] PHP   2. Illuminate\Foundation\Http\Kernel->handle() /home/ubuntu/workspace/qtrust/public/index.php:54
[17-Dec-2018 09:53:06 UTC] PHP   3. Illuminate\Foundation\Http\Kernel->sendRequestThroughRouter() /home/ubuntu/workspace/qtrust/vendor/laravel/framework/src/Illuminate/Foundation/Http/Kernel.php:99
[17-Dec-2018 09:53:06 UTC] PHP   4. Illuminate\Foundation\Http\Kernel->bootstrap() /home/ubuntu/workspace/qtrust/vendor/laravel/framework/src/Illuminate/Foundation/Http/Kernel.php:127
[17-Dec-2018 09:53:06 UTC] PHP   5. Illuminate\Foundation\Application->bootstrapWith() /home/ubuntu/workspace/qtrust/vendor/laravel/framework/src/Illuminate/Foundation/Http/Kernel.php:232
[17-Dec-2018 09:53:06 UTC] PHP   6. Illuminate\Foundation\Bootstrap\BootProviders->bootstrap() /home/ubuntu/workspace/qtrust/vendor/laravel/framework/src/Illuminate/Foundation/Application.php:203
[17-Dec-2018 09:53:06 UTC] PHP   7. Illuminate\Foundation\Application->boot() /home/ubuntu/workspace/qtrust/vendor/laravel/framework/src/Illuminate/Foundation/Bootstrap/BootProviders.php:17
[17-Dec-2018 09:53:06 UTC] PHP   8. array_walk() /home/ubuntu/workspace/qtrust/vendor/laravel/framework/src/Illuminate/Foundation/Application.php:741
[17-Dec-2018 09:53:06 UTC] PHP   9. Illuminate\Foundation\Application->Illuminate\Foundation\{closure}() /home/ubuntu/workspace/qtrust/vendor/laravel/framework/src/Illuminate/Foundation/Application.php:741
[17-Dec-2018 09:53:06 UTC] PHP  10. Illuminate\Foundation\Application->bootProvider() /home/ubuntu/workspace/qtrust/vendor/laravel/framework/src/Illuminate/Foundation/Application.php:740
[17-Dec-2018 09:53:06 UTC] PHP  11. Illuminate\Container\Container->call() /home/ubuntu/workspace/qtrust/vendor/laravel/framework/src/Illuminate/Foundation/Application.php:757
[17-Dec-2018 09:53:06 UTC] PHP  12. call_user_func_array:{/home/ubuntu/workspace/qtrust/vendor/laravel/framework/src/Illuminate/Container/Container.php:507}() /home/ubuntu/workspace/qtrust/vendor/laravel/framework/src/Illuminate/Container/Container.php:507
[17-Dec-2018 09:53:06 UTC] PHP  13. App\Providers\RouteServiceProvider->boot() /home/ubuntu/workspace/qtrust/vendor/laravel/framework/src/Illuminate/Container/Container.php:507
[17-Dec-2018 09:53:06 UTC] PHP  14. Illuminate\Foundation\Support\Providers\RouteServiceProvider->boot() /home/ubuntu/workspace/qtrust/app/Providers/RouteServiceProvider.php:29
[17-Dec-2018 09:53:06 UTC] PHP  15. Illuminate\Foundation\Support\Providers\RouteServiceProvider->loadRoutes() /home/ubuntu/workspace/qtrust/vendor/laravel/framework/src/Illuminate/Foundation/Support/Providers/RouteServiceProvider.php:31
[17-Dec-2018 09:53:06 UTC] PHP  16. Illuminate\Container\Container->call() /home/ubuntu/workspace/qtrust/vendor/laravel/framework/src/Illuminate/Foundation/Support/Providers/RouteServiceProvider.php:72
[17-Dec-2018 09:53:06 UTC] PHP  17. call_user_func_array:{/home/ubuntu/workspace/qtrust/vendor/laravel/framework/src/Illuminate/Container/Container.php:507}() /home/ubuntu/workspace/qtrust/vendor/laravel/framework/src/Illuminate/Container/Container.php:507
[17-Dec-2018 09:53:06 UTC] PHP  18. App\Providers\RouteServiceProvider->map() /home/ubuntu/workspace/qtrust/vendor/laravel/framework/src/Illuminate/Container/Container.php:507
[17-Dec-2018 09:53:06 UTC] PHP  19. App\Providers\RouteServiceProvider->mapWebRoutes() /home/ubuntu/workspace/qtrust/app/Providers/RouteServiceProvider.php:40
[17-Dec-2018 09:53:06 UTC] PHP  20. Illuminate\Routing\Router->group() /home/ubuntu/workspace/qtrust/app/Providers/RouteServiceProvider.php:59
[17-Dec-2018 09:53:06 UTC] PHP  21. call_user_func:{/home/ubuntu/workspace/qtrust/vendor/laravel/framework/src/Illuminate/Routing/Router.php:398}() /home/ubuntu/workspace/qtrust/vendor/laravel/framework/src/Illuminate/Routing/Router.php:398
[17-Dec-2018 09:53:06 UTC] PHP  22. App\Providers\RouteServiceProvider->App\Providers\{closure}() /home/ubuntu/workspace/qtrust/vendor/laravel/framework/src/Illuminate/Routing/Router.php:398
[17-Dec-2018 09:53:23 UTC] PHP Parse error:  syntax error, unexpected '=>' (T_DOUBLE_ARROW) in /home/ubuntu/workspace/qtrust/app/Http/routes.php on line 84
[17-Dec-2018 09:53:23 UTC] PHP Stack trace:
[17-Dec-2018 09:53:23 UTC] PHP   1. {main}() /home/ubuntu/workspace/qtrust/public/index.php:0
[17-Dec-2018 09:53:23 UTC] PHP   2. Illuminate\Foundation\Http\Kernel->handle() /home/ubuntu/workspace/qtrust/public/index.php:54
[17-Dec-2018 09:53:23 UTC] PHP   3. Illuminate\Foundation\Http\Kernel->sendRequestThroughRouter() /home/ubuntu/workspace/qtrust/vendor/laravel/framework/src/Illuminate/Foundation/Http/Kernel.php:99
[17-Dec-2018 09:53:23 UTC] PHP   4. Illuminate\Foundation\Http\Kernel->bootstrap() /home/ubuntu/workspace/qtrust/vendor/laravel/framework/src/Illuminate/Foundation/Http/Kernel.php:127
[17-Dec-2018 09:53:23 UTC] PHP   5. Illuminate\Foundation\Application->bootstrapWith() /home/ubuntu/workspace/qtrust/vendor/laravel/framework/src/Illuminate/Foundation/Http/Kernel.php:232
[17-Dec-2018 09:53:23 UTC] PHP   6. Illuminate\Foundation\Bootstrap\BootProviders->bootstrap() /home/ubuntu/workspace/qtrust/vendor/laravel/framework/src/Illuminate/Foundation/Application.php:203
[17-Dec-2018 09:53:23 UTC] PHP   7. Illuminate\Foundation\Application->boot() /home/ubuntu/workspace/qtrust/vendor/laravel/framework/src/Illuminate/Foundation/Bootstrap/BootProviders.php:17
[17-Dec-2018 09:53:23 UTC] PHP   8. array_walk() /home/ubuntu/workspace/qtrust/vendor/laravel/framework/src/Illuminate/Foundation/Application.php:741
[17-Dec-2018 09:53:23 UTC] PHP   9. Illuminate\Foundation\Application->Illuminate\Foundation\{closure}() /home/ubuntu/workspace/qtrust/vendor/laravel/framework/src/Illuminate/Foundation/Application.php:741
[17-Dec-2018 09:53:23 UTC] PHP  10. Illuminate\Foundation\Application->bootProvider() /home/ubuntu/workspace/qtrust/vendor/laravel/framework/src/Illuminate/Foundation/Application.php:740
[17-Dec-2018 09:53:23 UTC] PHP  11. Illuminate\Container\Container->call() /home/ubuntu/workspace/qtrust/vendor/laravel/framework/src/Illuminate/Foundation/Application.php:757
[17-Dec-2018 09:53:23 UTC] PHP  12. call_user_func_array:{/home/ubuntu/workspace/qtrust/vendor/laravel/framework/src/Illuminate/Container/Container.php:507}() /home/ubuntu/workspace/qtrust/vendor/laravel/framework/src/Illuminate/Container/Container.php:507
[17-Dec-2018 09:53:23 UTC] PHP  13. App\Providers\RouteServiceProvider->boot() /home/ubuntu/workspace/qtrust/vendor/laravel/framework/src/Illuminate/Container/Container.php:507
[17-Dec-2018 09:53:23 UTC] PHP  14. Illuminate\Foundation\Support\Providers\RouteServiceProvider->boot() /home/ubuntu/workspace/qtrust/app/Providers/RouteServiceProvider.php:29
[17-Dec-2018 09:53:23 UTC] PHP  15. Illuminate\Foundation\Support\Providers\RouteServiceProvider->loadRoutes() /home/ubuntu/workspace/qtrust/vendor/laravel/framework/src/Illuminate/Foundation/Support/Providers/RouteServiceProvider.php:31
[17-Dec-2018 09:53:23 UTC] PHP  16. Illuminate\Container\Container->call() /home/ubuntu/workspace/qtrust/vendor/laravel/framework/src/Illuminate/Foundation/Support/Providers/RouteServiceProvider.php:72
[17-Dec-2018 09:53:23 UTC] PHP  17. call_user_func_array:{/home/ubuntu/workspace/qtrust/vendor/laravel/framework/src/Illuminate/Container/Container.php:507}() /home/ubuntu/workspace/qtrust/vendor/laravel/framework/src/Illuminate/Container/Container.php:507
[17-Dec-2018 09:53:23 UTC] PHP  18. App\Providers\RouteServiceProvider->map() /home/ubuntu/workspace/qtrust/vendor/laravel/framework/src/Illuminate/Container/Container.php:507
[17-Dec-2018 09:53:23 UTC] PHP  19. App\Providers\RouteServiceProvider->mapWebRoutes() /home/ubuntu/workspace/qtrust/app/Providers/RouteServiceProvider.php:40
[17-Dec-2018 09:53:23 UTC] PHP  20. Illuminate\Routing\Router->group() /home/ubuntu/workspace/qtrust/app/Providers/RouteServiceProvider.php:59
[17-Dec-2018 09:53:23 UTC] PHP  21. call_user_func:{/home/ubuntu/workspace/qtrust/vendor/laravel/framework/src/Illuminate/Routing/Router.php:398}() /home/ubuntu/workspace/qtrust/vendor/laravel/framework/src/Illuminate/Routing/Router.php:398
[17-Dec-2018 09:53:23 UTC] PHP  22. App\Providers\RouteServiceProvider->App\Providers\{closure}() /home/ubuntu/workspace/qtrust/vendor/laravel/framework/src/Illuminate/Routing/Router.php:398
[17-Dec-2018 09:53:36 UTC] PHP Parse error:  syntax error, unexpected '=>' (T_DOUBLE_ARROW) in /home/ubuntu/workspace/qtrust/app/Http/routes.php on line 84
[17-Dec-2018 09:53:36 UTC] PHP Stack trace:
[17-Dec-2018 09:53:36 UTC] PHP   1. {main}() /home/ubuntu/workspace/qtrust/public/index.php:0
[17-Dec-2018 09:53:36 UTC] PHP   2. Illuminate\Foundation\Http\Kernel->handle() /home/ubuntu/workspace/qtrust/public/index.php:54
[17-Dec-2018 09:53:36 UTC] PHP   3. Illuminate\Foundation\Http\Kernel->sendRequestThroughRouter() /home/ubuntu/workspace/qtrust/vendor/laravel/framework/src/Illuminate/Foundation/Http/Kernel.php:99
[17-Dec-2018 09:53:36 UTC] PHP   4. Illuminate\Foundation\Http\Kernel->bootstrap() /home/ubuntu/workspace/qtrust/vendor/laravel/framework/src/Illuminate/Foundation/Http/Kernel.php:127
[17-Dec-2018 09:53:36 UTC] PHP   5. Illuminate\Foundation\Application->bootstrapWith() /home/ubuntu/workspace/qtrust/vendor/laravel/framework/src/Illuminate/Foundation/Http/Kernel.php:232
[17-Dec-2018 09:53:36 UTC] PHP   6. Illuminate\Foundation\Bootstrap\BootProviders->bootstrap() /home/ubuntu/workspace/qtrust/vendor/laravel/framework/src/Illuminate/Foundation/Application.php:203
[17-Dec-2018 09:53:36 UTC] PHP   7. Illuminate\Foundation\Application->boot() /home/ubuntu/workspace/qtrust/vendor/laravel/framework/src/Illuminate/Foundation/Bootstrap/BootProviders.php:17
[17-Dec-2018 09:53:36 UTC] PHP   8. array_walk() /home/ubuntu/workspace/qtrust/vendor/laravel/framework/src/Illuminate/Foundation/Application.php:741
[17-Dec-2018 09:53:36 UTC] PHP   9. Illuminate\Foundation\Application->Illuminate\Foundation\{closure}() /home/ubuntu/workspace/qtrust/vendor/laravel/framework/src/Illuminate/Foundation/Application.php:741
[17-Dec-2018 09:53:36 UTC] PHP  10. Illuminate\Foundation\Application->bootProvider() /home/ubuntu/workspace/qtrust/vendor/laravel/framework/src/Illuminate/Foundation/Application.php:740
[17-Dec-2018 09:53:36 UTC] PHP  11. Illuminate\Container\Container->call() /home/ubuntu/workspace/qtrust/vendor/laravel/framework/src/Illuminate/Foundation/Application.php:757
[17-Dec-2018 09:53:36 UTC] PHP  12. call_user_func_array:{/home/ubuntu/workspace/qtrust/vendor/laravel/framework/src/Illuminate/Container/Container.php:507}() /home/ubuntu/workspace/qtrust/vendor/laravel/framework/src/Illuminate/Container/Container.php:507
[17-Dec-2018 09:53:36 UTC] PHP  13. App\Providers\RouteServiceProvider->boot() /home/ubuntu/workspace/qtrust/vendor/laravel/framework/src/Illuminate/Container/Container.php:507
[17-Dec-2018 09:53:36 UTC] PHP  14. Illuminate\Foundation\Support\Providers\RouteServiceProvider->boot() /home/ubuntu/workspace/qtrust/app/Providers/RouteServiceProvider.php:29
[17-Dec-2018 09:53:36 UTC] PHP  15. Illuminate\Foundation\Support\Providers\RouteServiceProvider->loadRoutes() /home/ubuntu/workspace/qtrust/vendor/laravel/framework/src/Illuminate/Foundation/Support/Providers/RouteServiceProvider.php:31
[17-Dec-2018 09:53:36 UTC] PHP  16. Illuminate\Container\Container->call() /home/ubuntu/workspace/qtrust/vendor/laravel/framework/src/Illuminate/Foundation/Support/Providers/RouteServiceProvider.php:72
[17-Dec-2018 09:53:36 UTC] PHP  17. call_user_func_array:{/home/ubuntu/workspace/qtrust/vendor/laravel/framework/src/Illuminate/Container/Container.php:507}() /home/ubuntu/workspace/qtrust/vendor/laravel/framework/src/Illuminate/Container/Container.php:507
[17-Dec-2018 09:53:36 UTC] PHP  18. App\Providers\RouteServiceProvider->map() /home/ubuntu/workspace/qtrust/vendor/laravel/framework/src/Illuminate/Container/Container.php:507
[17-Dec-2018 09:53:36 UTC] PHP  19. App\Providers\RouteServiceProvider->mapWebRoutes() /home/ubuntu/workspace/qtrust/app/Providers/RouteServiceProvider.php:40
[17-Dec-2018 09:53:36 UTC] PHP  20. Illuminate\Routing\Router->group() /home/ubuntu/workspace/qtrust/app/Providers/RouteServiceProvider.php:59
[17-Dec-2018 09:53:36 UTC] PHP  21. call_user_func:{/home/ubuntu/workspace/qtrust/vendor/laravel/framework/src/Illuminate/Routing/Router.php:398}() /home/ubuntu/workspace/qtrust/vendor/laravel/framework/src/Illuminate/Routing/Router.php:398
[17-Dec-2018 09:53:36 UTC] PHP  22. App\Providers\RouteServiceProvider->App\Providers\{closure}() /home/ubuntu/workspace/qtrust/vendor/laravel/framework/src/Illuminate/Routing/Router.php:398
[17-Dec-2018 10:30:41 UTC] PHP Fatal error:  Cannot use try without catch or finally in /home/ubuntu/workspace/qtrust/app/Http/routes.php on line 52
[17-Dec-2018 10:30:41 UTC] PHP Stack trace:
[17-Dec-2018 10:30:41 UTC] PHP   1. {main}() /home/ubuntu/workspace/qtrust/public/index.php:0
[17-Dec-2018 10:30:41 UTC] PHP   2. Illuminate\Foundation\Http\Kernel->handle() /home/ubuntu/workspace/qtrust/public/index.php:54
[17-Dec-2018 10:30:41 UTC] PHP   3. Illuminate\Foundation\Http\Kernel->sendRequestThroughRouter() /home/ubuntu/workspace/qtrust/vendor/laravel/framework/src/Illuminate/Foundation/Http/Kernel.php:99
[17-Dec-2018 10:30:41 UTC] PHP   4. Illuminate\Foundation\Http\Kernel->bootstrap() /home/ubuntu/workspace/qtrust/vendor/laravel/framework/src/Illuminate/Foundation/Http/Kernel.php:127
[17-Dec-2018 10:30:41 UTC] PHP   5. Illuminate\Foundation\Application->bootstrapWith() /home/ubuntu/workspace/qtrust/vendor/laravel/framework/src/Illuminate/Foundation/Http/Kernel.php:232
[17-Dec-2018 10:30:41 UTC] PHP   6. Illuminate\Foundation\Bootstrap\BootProviders->bootstrap() /home/ubuntu/workspace/qtrust/vendor/laravel/framework/src/Illuminate/Foundation/Application.php:203
[17-Dec-2018 10:30:41 UTC] PHP   7. Illuminate\Foundation\Application->boot() /home/ubuntu/workspace/qtrust/vendor/laravel/framework/src/Illuminate/Foundation/Bootstrap/BootProviders.php:17
[17-Dec-2018 10:30:41 UTC] PHP   8. array_walk() /home/ubuntu/workspace/qtrust/vendor/laravel/framework/src/Illuminate/Foundation/Application.php:741
[17-Dec-2018 10:30:41 UTC] PHP   9. Illuminate\Foundation\Application->Illuminate\Foundation\{closure}() /home/ubuntu/workspace/qtrust/vendor/laravel/framework/src/Illuminate/Foundation/Application.php:741
[17-Dec-2018 10:30:41 UTC] PHP  10. Illuminate\Foundation\Application->bootProvider() /home/ubuntu/workspace/qtrust/vendor/laravel/framework/src/Illuminate/Foundation/Application.php:740
[17-Dec-2018 10:30:41 UTC] PHP  11. Illuminate\Container\Container->call() /home/ubuntu/workspace/qtrust/vendor/laravel/framework/src/Illuminate/Foundation/Application.php:757
[17-Dec-2018 10:30:41 UTC] PHP  12. call_user_func_array:{/home/ubuntu/workspace/qtrust/vendor/laravel/framework/src/Illuminate/Container/Container.php:507}() /home/ubuntu/workspace/qtrust/vendor/laravel/framework/src/Illuminate/Container/Container.php:507
[17-Dec-2018 10:30:41 UTC] PHP  13. App\Providers\RouteServiceProvider->boot() /home/ubuntu/workspace/qtrust/vendor/laravel/framework/src/Illuminate/Container/Container.php:507
[17-Dec-2018 10:30:41 UTC] PHP  14. Illuminate\Foundation\Support\Providers\RouteServiceProvider->boot() /home/ubuntu/workspace/qtrust/app/Providers/RouteServiceProvider.php:29
[17-Dec-2018 10:30:41 UTC] PHP  15. Illuminate\Foundation\Support\Providers\RouteServiceProvider->loadRoutes() /home/ubuntu/workspace/qtrust/vendor/laravel/framework/src/Illuminate/Foundation/Support/Providers/RouteServiceProvider.php:31
[17-Dec-2018 10:30:41 UTC] PHP  16. Illuminate\Container\Container->call() /home/ubuntu/workspace/qtrust/vendor/laravel/framework/src/Illuminate/Foundation/Support/Providers/RouteServiceProvider.php:72
[17-Dec-2018 10:30:41 UTC] PHP  17. call_user_func_array:{/home/ubuntu/workspace/qtrust/vendor/laravel/framework/src/Illuminate/Container/Container.php:507}() /home/ubuntu/workspace/qtrust/vendor/laravel/framework/src/Illuminate/Container/Container.php:507
[17-Dec-2018 10:30:41 UTC] PHP  18. App\Providers\RouteServiceProvider->map() /home/ubuntu/workspace/qtrust/vendor/laravel/framework/src/Illuminate/Container/Container.php:507
[17-Dec-2018 10:30:41 UTC] PHP  19. App\Providers\RouteServiceProvider->mapWebRoutes() /home/ubuntu/workspace/qtrust/app/Providers/RouteServiceProvider.php:40
[17-Dec-2018 10:30:41 UTC] PHP  20. Illuminate\Routing\Router->group() /home/ubuntu/workspace/qtrust/app/Providers/RouteServiceProvider.php:59
[17-Dec-2018 10:30:41 UTC] PHP  21. call_user_func:{/home/ubuntu/workspace/qtrust/vendor/laravel/framework/src/Illuminate/Routing/Router.php:398}() /home/ubuntu/workspace/qtrust/vendor/laravel/framework/src/Illuminate/Routing/Router.php:398
[17-Dec-2018 10:30:41 UTC] PHP  22. App\Providers\RouteServiceProvider->App\Providers\{closure}() /home/ubuntu/workspace/qtrust/vendor/laravel/framework/src/Illuminate/Routing/Router.php:398
[17-Dec-2018 10:30:50 UTC] PHP Fatal error:  Cannot use try without catch or finally in /home/ubuntu/workspace/qtrust/app/Http/routes.php on line 52
[17-Dec-2018 10:30:50 UTC] PHP Stack trace:
[17-Dec-2018 10:30:50 UTC] PHP   1. {main}() /home/ubuntu/workspace/qtrust/public/index.php:0
[17-Dec-2018 10:30:50 UTC] PHP   2. Illuminate\Foundation\Http\Kernel->handle() /home/ubuntu/workspace/qtrust/public/index.php:54
[17-Dec-2018 10:30:50 UTC] PHP   3. Illuminate\Foundation\Http\Kernel->sendRequestThroughRouter() /home/ubuntu/workspace/qtrust/vendor/laravel/framework/src/Illuminate/Foundation/Http/Kernel.php:99
[17-Dec-2018 10:30:50 UTC] PHP   4. Illuminate\Foundation\Http\Kernel->bootstrap() /home/ubuntu/workspace/qtrust/vendor/laravel/framework/src/Illuminate/Foundation/Http/Kernel.php:127
[17-Dec-2018 10:30:50 UTC] PHP   5. Illuminate\Foundation\Application->bootstrapWith() /home/ubuntu/workspace/qtrust/vendor/laravel/framework/src/Illuminate/Foundation/Http/Kernel.php:232
[17-Dec-2018 10:30:50 UTC] PHP   6. Illuminate\Foundation\Bootstrap\BootProviders->bootstrap() /home/ubuntu/workspace/qtrust/vendor/laravel/framework/src/Illuminate/Foundation/Application.php:203
[17-Dec-2018 10:30:50 UTC] PHP   7. Illuminate\Foundation\Application->boot() /home/ubuntu/workspace/qtrust/vendor/laravel/framework/src/Illuminate/Foundation/Bootstrap/BootProviders.php:17
[17-Dec-2018 10:30:50 UTC] PHP   8. array_walk() /home/ubuntu/workspace/qtrust/vendor/laravel/framework/src/Illuminate/Foundation/Application.php:741
[17-Dec-2018 10:30:50 UTC] PHP   9. Illuminate\Foundation\Application->Illuminate\Foundation\{closure}() /home/ubuntu/workspace/qtrust/vendor/laravel/framework/src/Illuminate/Foundation/Application.php:741
[17-Dec-2018 10:30:50 UTC] PHP  10. Illuminate\Foundation\Application->bootProvider() /home/ubuntu/workspace/qtrust/vendor/laravel/framework/src/Illuminate/Foundation/Application.php:740
[17-Dec-2018 10:30:50 UTC] PHP  11. Illuminate\Container\Container->call() /home/ubuntu/workspace/qtrust/vendor/laravel/framework/src/Illuminate/Foundation/Application.php:757
[17-Dec-2018 10:30:50 UTC] PHP  12. call_user_func_array:{/home/ubuntu/workspace/qtrust/vendor/laravel/framework/src/Illuminate/Container/Container.php:507}() /home/ubuntu/workspace/qtrust/vendor/laravel/framework/src/Illuminate/Container/Container.php:507
[17-Dec-2018 10:30:50 UTC] PHP  13. App\Providers\RouteServiceProvider->boot() /home/ubuntu/workspace/qtrust/vendor/laravel/framework/src/Illuminate/Container/Container.php:507
[17-Dec-2018 10:30:50 UTC] PHP  14. Illuminate\Foundation\Support\Providers\RouteServiceProvider->boot() /home/ubuntu/workspace/qtrust/app/Providers/RouteServiceProvider.php:29
[17-Dec-2018 10:30:50 UTC] PHP  15. Illuminate\Foundation\Support\Providers\RouteServiceProvider->loadRoutes() /home/ubuntu/workspace/qtrust/vendor/laravel/framework/src/Illuminate/Foundation/Support/Providers/RouteServiceProvider.php:31
[17-Dec-2018 10:30:50 UTC] PHP  16. Illuminate\Container\Container->call() /home/ubuntu/workspace/qtrust/vendor/laravel/framework/src/Illuminate/Foundation/Support/Providers/RouteServiceProvider.php:72
[17-Dec-2018 10:30:50 UTC] PHP  17. call_user_func_array:{/home/ubuntu/workspace/qtrust/vendor/laravel/framework/src/Illuminate/Container/Container.php:507}() /home/ubuntu/workspace/qtrust/vendor/laravel/framework/src/Illuminate/Container/Container.php:507
[17-Dec-2018 10:30:50 UTC] PHP  18. App\Providers\RouteServiceProvider->map() /home/ubuntu/workspace/qtrust/vendor/laravel/framework/src/Illuminate/Container/Container.php:507
[17-Dec-2018 10:30:50 UTC] PHP  19. App\Providers\RouteServiceProvider->mapWebRoutes() /home/ubuntu/workspace/qtrust/app/Providers/RouteServiceProvider.php:40
[17-Dec-2018 10:30:50 UTC] PHP  20. Illuminate\Routing\Router->group() /home/ubuntu/workspace/qtrust/app/Providers/RouteServiceProvider.php:59
[17-Dec-2018 10:30:50 UTC] PHP  21. call_user_func:{/home/ubuntu/workspace/qtrust/vendor/laravel/framework/src/Illuminate/Routing/Router.php:398}() /home/ubuntu/workspace/qtrust/vendor/laravel/framework/src/Illuminate/Routing/Router.php:398
[17-Dec-2018 10:30:50 UTC] PHP  22. App\Providers\RouteServiceProvider->App\Providers\{closure}() /home/ubuntu/workspace/qtrust/vendor/laravel/framework/src/Illuminate/Routing/Router.php:398
[17-Dec-2018 10:30:57 UTC] PHP Fatal error:  Cannot use try without catch or finally in /home/ubuntu/workspace/qtrust/app/Http/routes.php on line 52
[17-Dec-2018 10:30:57 UTC] PHP Stack trace:
[17-Dec-2018 10:30:57 UTC] PHP   1. {main}() /home/ubuntu/workspace/qtrust/public/index.php:0
[17-Dec-2018 10:30:57 UTC] PHP   2. Illuminate\Foundation\Http\Kernel->handle() /home/ubuntu/workspace/qtrust/public/index.php:54
[17-Dec-2018 10:30:57 UTC] PHP   3. Illuminate\Foundation\Http\Kernel->sendRequestThroughRouter() /home/ubuntu/workspace/qtrust/vendor/laravel/framework/src/Illuminate/Foundation/Http/Kernel.php:99
[17-Dec-2018 10:30:57 UTC] PHP   4. Illuminate\Foundation\Http\Kernel->bootstrap() /home/ubuntu/workspace/qtrust/vendor/laravel/framework/src/Illuminate/Foundation/Http/Kernel.php:127
[17-Dec-2018 10:30:57 UTC] PHP   5. Illuminate\Foundation\Application->bootstrapWith() /home/ubuntu/workspace/qtrust/vendor/laravel/framework/src/Illuminate/Foundation/Http/Kernel.php:232
[17-Dec-2018 10:30:57 UTC] PHP   6. Illuminate\Foundation\Bootstrap\BootProviders->bootstrap() /home/ubuntu/workspace/qtrust/vendor/laravel/framework/src/Illuminate/Foundation/Application.php:203
[17-Dec-2018 10:30:57 UTC] PHP   7. Illuminate\Foundation\Application->boot() /home/ubuntu/workspace/qtrust/vendor/laravel/framework/src/Illuminate/Foundation/Bootstrap/BootProviders.php:17
[17-Dec-2018 10:30:57 UTC] PHP   8. array_walk() /home/ubuntu/workspace/qtrust/vendor/laravel/framework/src/Illuminate/Foundation/Application.php:741
[17-Dec-2018 10:30:57 UTC] PHP   9. Illuminate\Foundation\Application->Illuminate\Foundation\{closure}() /home/ubuntu/workspace/qtrust/vendor/laravel/framework/src/Illuminate/Foundation/Application.php:741
[17-Dec-2018 10:30:57 UTC] PHP  10. Illuminate\Foundation\Application->bootProvider() /home/ubuntu/workspace/qtrust/vendor/laravel/framework/src/Illuminate/Foundation/Application.php:740
[17-Dec-2018 10:30:57 UTC] PHP  11. Illuminate\Container\Container->call() /home/ubuntu/workspace/qtrust/vendor/laravel/framework/src/Illuminate/Foundation/Application.php:757
[17-Dec-2018 10:30:57 UTC] PHP  12. call_user_func_array:{/home/ubuntu/workspace/qtrust/vendor/laravel/framework/src/Illuminate/Container/Container.php:507}() /home/ubuntu/workspace/qtrust/vendor/laravel/framework/src/Illuminate/Container/Container.php:507
[17-Dec-2018 10:30:57 UTC] PHP  13. App\Providers\RouteServiceProvider->boot() /home/ubuntu/workspace/qtrust/vendor/laravel/framework/src/Illuminate/Container/Container.php:507
[17-Dec-2018 10:30:57 UTC] PHP  14. Illuminate\Foundation\Support\Providers\RouteServiceProvider->boot() /home/ubuntu/workspace/qtrust/app/Providers/RouteServiceProvider.php:29
[17-Dec-2018 10:30:57 UTC] PHP  15. Illuminate\Foundation\Support\Providers\RouteServiceProvider->loadRoutes() /home/ubuntu/workspace/qtrust/vendor/laravel/framework/src/Illuminate/Foundation/Support/Providers/RouteServiceProvider.php:31
[17-Dec-2018 10:30:57 UTC] PHP  16. Illuminate\Container\Container->call() /home/ubuntu/workspace/qtrust/vendor/laravel/framework/src/Illuminate/Foundation/Support/Providers/RouteServiceProvider.php:72
[17-Dec-2018 10:30:57 UTC] PHP  17. call_user_func_array:{/home/ubuntu/workspace/qtrust/vendor/laravel/framework/src/Illuminate/Container/Container.php:507}() /home/ubuntu/workspace/qtrust/vendor/laravel/framework/src/Illuminate/Container/Container.php:507
[17-Dec-2018 10:30:57 UTC] PHP  18. App\Providers\RouteServiceProvider->map() /home/ubuntu/workspace/qtrust/vendor/laravel/framework/src/Illuminate/Container/Container.php:507
[17-Dec-2018 10:30:57 UTC] PHP  19. App\Providers\RouteServiceProvider->mapWebRoutes() /home/ubuntu/workspace/qtrust/app/Providers/RouteServiceProvider.php:40
[17-Dec-2018 10:30:57 UTC] PHP  20. Illuminate\Routing\Router->group() /home/ubuntu/workspace/qtrust/app/Providers/RouteServiceProvider.php:59
[17-Dec-2018 10:30:57 UTC] PHP  21. call_user_func:{/home/ubuntu/workspace/qtrust/vendor/laravel/framework/src/Illuminate/Routing/Router.php:398}() /home/ubuntu/workspace/qtrust/vendor/laravel/framework/src/Illuminate/Routing/Router.php:398
[17-Dec-2018 10:30:57 UTC] PHP  22. App\Providers\RouteServiceProvider->App\Providers\{closure}() /home/ubuntu/workspace/qtrust/vendor/laravel/framework/src/Illuminate/Routing/Router.php:398
[17-Dec-2018 10:31:06 UTC] PHP Fatal error:  Cannot use try without catch or finally in /home/ubuntu/workspace/qtrust/app/Http/routes.php on line 52
[17-Dec-2018 10:31:06 UTC] PHP Stack trace:
[17-Dec-2018 10:31:06 UTC] PHP   1. {main}() /home/ubuntu/workspace/qtrust/public/index.php:0
[17-Dec-2018 10:31:06 UTC] PHP   2. Illuminate\Foundation\Http\Kernel->handle() /home/ubuntu/workspace/qtrust/public/index.php:54
[17-Dec-2018 10:31:06 UTC] PHP   3. Illuminate\Foundation\Http\Kernel->sendRequestThroughRouter() /home/ubuntu/workspace/qtrust/vendor/laravel/framework/src/Illuminate/Foundation/Http/Kernel.php:99
[17-Dec-2018 10:31:06 UTC] PHP   4. Illuminate\Foundation\Http\Kernel->bootstrap() /home/ubuntu/workspace/qtrust/vendor/laravel/framework/src/Illuminate/Foundation/Http/Kernel.php:127
[17-Dec-2018 10:31:06 UTC] PHP   5. Illuminate\Foundation\Application->bootstrapWith() /home/ubuntu/workspace/qtrust/vendor/laravel/framework/src/Illuminate/Foundation/Http/Kernel.php:232
[17-Dec-2018 10:31:06 UTC] PHP   6. Illuminate\Foundation\Bootstrap\BootProviders->bootstrap() /home/ubuntu/workspace/qtrust/vendor/laravel/framework/src/Illuminate/Foundation/Application.php:203
[17-Dec-2018 10:31:06 UTC] PHP   7. Illuminate\Foundation\Application->boot() /home/ubuntu/workspace/qtrust/vendor/laravel/framework/src/Illuminate/Foundation/Bootstrap/BootProviders.php:17
[17-Dec-2018 10:31:06 UTC] PHP   8. array_walk() /home/ubuntu/workspace/qtrust/vendor/laravel/framework/src/Illuminate/Foundation/Application.php:741
[17-Dec-2018 10:31:06 UTC] PHP   9. Illuminate\Foundation\Application->Illuminate\Foundation\{closure}() /home/ubuntu/workspace/qtrust/vendor/laravel/framework/src/Illuminate/Foundation/Application.php:741
[17-Dec-2018 10:31:06 UTC] PHP  10. Illuminate\Foundation\Application->bootProvider() /home/ubuntu/workspace/qtrust/vendor/laravel/framework/src/Illuminate/Foundation/Application.php:740
[17-Dec-2018 10:31:06 UTC] PHP  11. Illuminate\Container\Container->call() /home/ubuntu/workspace/qtrust/vendor/laravel/framework/src/Illuminate/Foundation/Application.php:757
[17-Dec-2018 10:31:06 UTC] PHP  12. call_user_func_array:{/home/ubuntu/workspace/qtrust/vendor/laravel/framework/src/Illuminate/Container/Container.php:507}() /home/ubuntu/workspace/qtrust/vendor/laravel/framework/src/Illuminate/Container/Container.php:507
[17-Dec-2018 10:31:06 UTC] PHP  13. App\Providers\RouteServiceProvider->boot() /home/ubuntu/workspace/qtrust/vendor/laravel/framework/src/Illuminate/Container/Container.php:507
[17-Dec-2018 10:31:06 UTC] PHP  14. Illuminate\Foundation\Support\Providers\RouteServiceProvider->boot() /home/ubuntu/workspace/qtrust/app/Providers/RouteServiceProvider.php:29
[17-Dec-2018 10:31:06 UTC] PHP  15. Illuminate\Foundation\Support\Providers\RouteServiceProvider->loadRoutes() /home/ubuntu/workspace/qtrust/vendor/laravel/framework/src/Illuminate/Foundation/Support/Providers/RouteServiceProvider.php:31
[17-Dec-2018 10:31:06 UTC] PHP  16. Illuminate\Container\Container->call() /home/ubuntu/workspace/qtrust/vendor/laravel/framework/src/Illuminate/Foundation/Support/Providers/RouteServiceProvider.php:72
[17-Dec-2018 10:31:06 UTC] PHP  17. call_user_func_array:{/home/ubuntu/workspace/qtrust/vendor/laravel/framework/src/Illuminate/Container/Container.php:507}() /home/ubuntu/workspace/qtrust/vendor/laravel/framework/src/Illuminate/Container/Container.php:507
[17-Dec-2018 10:31:06 UTC] PHP  18. App\Providers\RouteServiceProvider->map() /home/ubuntu/workspace/qtrust/vendor/laravel/framework/src/Illuminate/Container/Container.php:507
[17-Dec-2018 10:31:06 UTC] PHP  19. App\Providers\RouteServiceProvider->mapWebRoutes() /home/ubuntu/workspace/qtrust/app/Providers/RouteServiceProvider.php:40
[17-Dec-2018 10:31:06 UTC] PHP  20. Illuminate\Routing\Router->group() /home/ubuntu/workspace/qtrust/app/Providers/RouteServiceProvider.php:59
[17-Dec-2018 10:31:06 UTC] PHP  21. call_user_func:{/home/ubuntu/workspace/qtrust/vendor/laravel/framework/src/Illuminate/Routing/Router.php:398}() /home/ubuntu/workspace/qtrust/vendor/laravel/framework/src/Illuminate/Routing/Router.php:398
[17-Dec-2018 10:31:06 UTC] PHP  22. App\Providers\RouteServiceProvider->App\Providers\{closure}() /home/ubuntu/workspace/qtrust/vendor/laravel/framework/src/Illuminate/Routing/Router.php:398
[17-Dec-2018 10:31:23 UTC] PHP Fatal error:  Cannot use try without catch or finally in /home/ubuntu/workspace/qtrust/app/Http/routes.php on line 52
[17-Dec-2018 10:31:23 UTC] PHP Stack trace:
[17-Dec-2018 10:31:23 UTC] PHP   1. {main}() /home/ubuntu/workspace/qtrust/public/index.php:0
[17-Dec-2018 10:31:23 UTC] PHP   2. Illuminate\Foundation\Http\Kernel->handle() /home/ubuntu/workspace/qtrust/public/index.php:54
[17-Dec-2018 10:31:23 UTC] PHP   3. Illuminate\Foundation\Http\Kernel->sendRequestThroughRouter() /home/ubuntu/workspace/qtrust/vendor/laravel/framework/src/Illuminate/Foundation/Http/Kernel.php:99
[17-Dec-2018 10:31:23 UTC] PHP   4. Illuminate\Foundation\Http\Kernel->bootstrap() /home/ubuntu/workspace/qtrust/vendor/laravel/framework/src/Illuminate/Foundation/Http/Kernel.php:127
[17-Dec-2018 10:31:23 UTC] PHP   5. Illuminate\Foundation\Application->bootstrapWith() /home/ubuntu/workspace/qtrust/vendor/laravel/framework/src/Illuminate/Foundation/Http/Kernel.php:232
[17-Dec-2018 10:31:23 UTC] PHP   6. Illuminate\Foundation\Bootstrap\BootProviders->bootstrap() /home/ubuntu/workspace/qtrust/vendor/laravel/framework/src/Illuminate/Foundation/Application.php:203
[17-Dec-2018 10:31:23 UTC] PHP   7. Illuminate\Foundation\Application->boot() /home/ubuntu/workspace/qtrust/vendor/laravel/framework/src/Illuminate/Foundation/Bootstrap/BootProviders.php:17
[17-Dec-2018 10:31:23 UTC] PHP   8. array_walk() /home/ubuntu/workspace/qtrust/vendor/laravel/framework/src/Illuminate/Foundation/Application.php:741
[17-Dec-2018 10:31:23 UTC] PHP   9. Illuminate\Foundation\Application->Illuminate\Foundation\{closure}() /home/ubuntu/workspace/qtrust/vendor/laravel/framework/src/Illuminate/Foundation/Application.php:741
[17-Dec-2018 10:31:23 UTC] PHP  10. Illuminate\Foundation\Application->bootProvider() /home/ubuntu/workspace/qtrust/vendor/laravel/framework/src/Illuminate/Foundation/Application.php:740
[17-Dec-2018 10:31:23 UTC] PHP  11. Illuminate\Container\Container->call() /home/ubuntu/workspace/qtrust/vendor/laravel/framework/src/Illuminate/Foundation/Application.php:757
[17-Dec-2018 10:31:23 UTC] PHP  12. call_user_func_array:{/home/ubuntu/workspace/qtrust/vendor/laravel/framework/src/Illuminate/Container/Container.php:507}() /home/ubuntu/workspace/qtrust/vendor/laravel/framework/src/Illuminate/Container/Container.php:507
[17-Dec-2018 10:31:23 UTC] PHP  13. App\Providers\RouteServiceProvider->boot() /home/ubuntu/workspace/qtrust/vendor/laravel/framework/src/Illuminate/Container/Container.php:507
[17-Dec-2018 10:31:23 UTC] PHP  14. Illuminate\Foundation\Support\Providers\RouteServiceProvider->boot() /home/ubuntu/workspace/qtrust/app/Providers/RouteServiceProvider.php:29
[17-Dec-2018 10:31:23 UTC] PHP  15. Illuminate\Foundation\Support\Providers\RouteServiceProvider->loadRoutes() /home/ubuntu/workspace/qtrust/vendor/laravel/framework/src/Illuminate/Foundation/Support/Providers/RouteServiceProvider.php:31
[17-Dec-2018 10:31:23 UTC] PHP  16. Illuminate\Container\Container->call() /home/ubuntu/workspace/qtrust/vendor/laravel/framework/src/Illuminate/Foundation/Support/Providers/RouteServiceProvider.php:72
[17-Dec-2018 10:31:23 UTC] PHP  17. call_user_func_array:{/home/ubuntu/workspace/qtrust/vendor/laravel/framework/src/Illuminate/Container/Container.php:507}() /home/ubuntu/workspace/qtrust/vendor/laravel/framework/src/Illuminate/Container/Container.php:507
[17-Dec-2018 10:31:23 UTC] PHP  18. App\Providers\RouteServiceProvider->map() /home/ubuntu/workspace/qtrust/vendor/laravel/framework/src/Illuminate/Container/Container.php:507
[17-Dec-2018 10:31:23 UTC] PHP  19. App\Providers\RouteServiceProvider->mapWebRoutes() /home/ubuntu/workspace/qtrust/app/Providers/RouteServiceProvider.php:40
[17-Dec-2018 10:31:23 UTC] PHP  20. Illuminate\Routing\Router->group() /home/ubuntu/workspace/qtrust/app/Providers/RouteServiceProvider.php:59
[17-Dec-2018 10:31:23 UTC] PHP  21. call_user_func:{/home/ubuntu/workspace/qtrust/vendor/laravel/framework/src/Illuminate/Routing/Router.php:398}() /home/ubuntu/workspace/qtrust/vendor/laravel/framework/src/Illuminate/Routing/Router.php:398
[17-Dec-2018 10:31:23 UTC] PHP  22. App\Providers\RouteServiceProvider->App\Providers\{closure}() /home/ubuntu/workspace/qtrust/vendor/laravel/framework/src/Illuminate/Routing/Router.php:398
[17-Dec-2018 10:31:35 UTC] PHP Fatal error:  Cannot use try without catch or finally in /home/ubuntu/workspace/qtrust/app/Http/routes.php on line 52
[17-Dec-2018 10:31:35 UTC] PHP Stack trace:
[17-Dec-2018 10:31:35 UTC] PHP   1. {main}() /home/ubuntu/workspace/qtrust/public/index.php:0
[17-Dec-2018 10:31:35 UTC] PHP   2. Illuminate\Foundation\Http\Kernel->handle() /home/ubuntu/workspace/qtrust/public/index.php:54
[17-Dec-2018 10:31:35 UTC] PHP   3. Illuminate\Foundation\Http\Kernel->sendRequestThroughRouter() /home/ubuntu/workspace/qtrust/vendor/laravel/framework/src/Illuminate/Foundation/Http/Kernel.php:99
[17-Dec-2018 10:31:35 UTC] PHP   4. Illuminate\Foundation\Http\Kernel->bootstrap() /home/ubuntu/workspace/qtrust/vendor/laravel/framework/src/Illuminate/Foundation/Http/Kernel.php:127
[17-Dec-2018 10:31:35 UTC] PHP   5. Illuminate\Foundation\Application->bootstrapWith() /home/ubuntu/workspace/qtrust/vendor/laravel/framework/src/Illuminate/Foundation/Http/Kernel.php:232
[17-Dec-2018 10:31:35 UTC] PHP   6. Illuminate\Foundation\Bootstrap\BootProviders->bootstrap() /home/ubuntu/workspace/qtrust/vendor/laravel/framework/src/Illuminate/Foundation/Application.php:203
[17-Dec-2018 10:31:35 UTC] PHP   7. Illuminate\Foundation\Application->boot() /home/ubuntu/workspace/qtrust/vendor/laravel/framework/src/Illuminate/Foundation/Bootstrap/BootProviders.php:17
[17-Dec-2018 10:31:35 UTC] PHP   8. array_walk() /home/ubuntu/workspace/qtrust/vendor/laravel/framework/src/Illuminate/Foundation/Application.php:741
[17-Dec-2018 10:31:35 UTC] PHP   9. Illuminate\Foundation\Application->Illuminate\Foundation\{closure}() /home/ubuntu/workspace/qtrust/vendor/laravel/framework/src/Illuminate/Foundation/Application.php:741
[17-Dec-2018 10:31:35 UTC] PHP  10. Illuminate\Foundation\Application->bootProvider() /home/ubuntu/workspace/qtrust/vendor/laravel/framework/src/Illuminate/Foundation/Application.php:740
[17-Dec-2018 10:31:35 UTC] PHP  11. Illuminate\Container\Container->call() /home/ubuntu/workspace/qtrust/vendor/laravel/framework/src/Illuminate/Foundation/Application.php:757
[17-Dec-2018 10:31:35 UTC] PHP  12. call_user_func_array:{/home/ubuntu/workspace/qtrust/vendor/laravel/framework/src/Illuminate/Container/Container.php:507}() /home/ubuntu/workspace/qtrust/vendor/laravel/framework/src/Illuminate/Container/Container.php:507
[17-Dec-2018 10:31:35 UTC] PHP  13. App\Providers\RouteServiceProvider->boot() /home/ubuntu/workspace/qtrust/vendor/laravel/framework/src/Illuminate/Container/Container.php:507
[17-Dec-2018 10:31:35 UTC] PHP  14. Illuminate\Foundation\Support\Providers\RouteServiceProvider->boot() /home/ubuntu/workspace/qtrust/app/Providers/RouteServiceProvider.php:29
[17-Dec-2018 10:31:35 UTC] PHP  15. Illuminate\Foundation\Support\Providers\RouteServiceProvider->loadRoutes() /home/ubuntu/workspace/qtrust/vendor/laravel/framework/src/Illuminate/Foundation/Support/Providers/RouteServiceProvider.php:31
[17-Dec-2018 10:31:35 UTC] PHP  16. Illuminate\Container\Container->call() /home/ubuntu/workspace/qtrust/vendor/laravel/framework/src/Illuminate/Foundation/Support/Providers/RouteServiceProvider.php:72
[17-Dec-2018 10:31:35 UTC] PHP  17. call_user_func_array:{/home/ubuntu/workspace/qtrust/vendor/laravel/framework/src/Illuminate/Container/Container.php:507}() /home/ubuntu/workspace/qtrust/vendor/laravel/framework/src/Illuminate/Container/Container.php:507
[17-Dec-2018 10:31:35 UTC] PHP  18. App\Providers\RouteServiceProvider->map() /home/ubuntu/workspace/qtrust/vendor/laravel/framework/src/Illuminate/Container/Container.php:507
[17-Dec-2018 10:31:35 UTC] PHP  19. App\Providers\RouteServiceProvider->mapWebRoutes() /home/ubuntu/workspace/qtrust/app/Providers/RouteServiceProvider.php:40
[17-Dec-2018 10:31:35 UTC] PHP  20. Illuminate\Routing\Router->group() /home/ubuntu/workspace/qtrust/app/Providers/RouteServiceProvider.php:59
[17-Dec-2018 10:31:35 UTC] PHP  21. call_user_func:{/home/ubuntu/workspace/qtrust/vendor/laravel/framework/src/Illuminate/Routing/Router.php:398}() /home/ubuntu/workspace/qtrust/vendor/laravel/framework/src/Illuminate/Routing/Router.php:398
[17-Dec-2018 10:31:35 UTC] PHP  22. App\Providers\RouteServiceProvider->App\Providers\{closure}() /home/ubuntu/workspace/qtrust/vendor/laravel/framework/src/Illuminate/Routing/Router.php:398
